0 info it worked if it ends with ok
1 verbose cli [ 'C:\\Program Files\\nodejs\\node.exe',
1 verbose cli   'C:\\Program Files\\nodejs\\node_modules\\npm\\bin\\npm-cli.js',
1 verbose cli   'start' ]
2 info using npm@3.10.10
3 info using node@v6.11.1
4 verbose run-script [ 'prestart', 'start', 'poststart' ]
5 info lifecycle es6@1.0.0~prestart: es6@1.0.0
6 silly lifecycle es6@1.0.0~prestart: no script for prestart, continuing
7 info lifecycle es6@1.0.0~start: es6@1.0.0
8 verbose lifecycle es6@1.0.0~start: unsafe-perm in lifecycle true
9 verbose lifecycle es6@1.0.0~start: PATH: C:\Program Files\nodejs\node_modules\npm\bin\node-gyp-bin;C:\Users\User\Downloads\Compressed\js-training-master_2\js-training-master\day7\node_modules\.bin;C:\Python35-32\Scripts\;C:\Python35-32\;C:\Python27\Lib\site-packages\PyQt4;C:\ProgramData\Oracle\Java\javapath;C:\Program Files (x86)\Intel\iCLS Client\;C:\Program Files\Intel\iCLS Client\;C:\Windows\system32;C:\Windows;C:\Windows\System32\Wbem;C:\Windows\System32\WindowsPowerShell\v1.0\;C:\Program Files\Intel\Intel(R) Management Engine Components\DAL;C:\Program Files\Intel\Intel(R) Management Engine Components\IPT;C:\Program Files (x86)\Intel\Intel(R) Management Engine Components\DAL;C:\Program Files (x86)\Intel\Intel(R) Management Engine Components\IPT;C:\Program Files (x86)\ATI Technologies\ATI.ACE\Core-Static;C:\Python27\Scripts;C:\Program Files (x86)\Windows Live\Shared;C:\Program Files (x86)\Graphviz2.30\bin;C:\Program Files\MATLAB\R2011a\runtime\win64;C:\Program Files\MATLAB\R2011a\bin;C:\Program Files\Git\cmd;C:\Program Files\nodejs\;C:\Windows\System32;C:\Python27;C:\Python27\python.exe;C:\Program Files (x86)\Graphviz2.38\bin\;C:\Python35-32;;C:\Program Files (x86)\Microsoft VS Code\bin;C:\Users\User\AppData\Roaming\npm
10 verbose lifecycle es6@1.0.0~start: CWD: C:\Users\User\Downloads\Compressed\js-training-master_2\js-training-master\day7
11 silly lifecycle es6@1.0.0~start: Args: [ '/d /s /c', 'webpack-dev-server --progress' ]
12 silly lifecycle es6@1.0.0~start: Returned: code: 1  signal: null
13 info lifecycle es6@1.0.0~start: Failed to exec start script
14 verbose stack Error: es6@1.0.0 start: `webpack-dev-server --progress`
14 verbose stack Exit status 1
14 verbose stack     at EventEmitter.<anonymous> (C:\Program Files\nodejs\node_modules\npm\lib\utils\lifecycle.js:255:16)
14 verbose stack     at emitTwo (events.js:106:13)
14 verbose stack     at EventEmitter.emit (events.js:191:7)
14 verbose stack     at ChildProcess.<anonymous> (C:\Program Files\nodejs\node_modules\npm\lib\utils\spawn.js:40:14)
14 verbose stack     at emitTwo (events.js:106:13)
14 verbose stack     at ChildProcess.emit (events.js:191:7)
14 verbose stack     at maybeClose (internal/child_process.js:891:16)
14 verbose stack     at Process.ChildProcess._handle.onexit (internal/child_process.js:226:5)
15 verbose pkgid es6@1.0.0
16 verbose cwd C:\Users\User\Downloads\Compressed\js-training-master_2\js-training-master\day7\public
17 error Windows_NT 6.3.9600
18 error argv "C:\\Program Files\\nodejs\\node.exe" "C:\\Program Files\\nodejs\\node_modules\\npm\\bin\\npm-cli.js" "start"
19 error node v6.11.1
20 error npm  v3.10.10
21 error code ELIFECYCLE
22 error es6@1.0.0 start: `webpack-dev-server --progress`
22 error Exit status 1
23 error Failed at the es6@1.0.0 start script 'webpack-dev-server --progress'.
23 error Make sure you have the latest version of node.js and npm installed.
23 error If you do, this is most likely a problem with the es6 package,
23 error not with npm itself.
23 error Tell the author that this fails on your system:
23 error     webpack-dev-server --progress
23 error You can get information on how to open an issue for this project with:
23 error     npm bugs es6
23 error Or if that isn't available, you can get their info via:
23 error     npm owner ls es6
23 error There is likely additional logging output above.
24 verbose exit [ 1, true ]
